# this file was generated by the following command(s):
#   /mnt/c/Projects/Repository/ccg2lambda_pipe/candc-1.00/bin/candc --models /mnt/c/Projects/Repository/ccg2lambda_pipe/candc-1.00/models --candc-printer xml --input datasets/corpus_fail/failures_2.tok.txt --log datasets/corpus_fail/failures_2.candc.log --output datasets/corpus_fail/failures_2.candc.xml

1 parsed at B=0.075, K=20
1 coverage 100%
1 stats 10.779 1139 1951
2 parsed at B=0.075, K=20
2 coverage 100%
2 stats 6.62936 439 599
3 parsed at B=0.075, K=20
3 coverage 100%
3 stats 6.94986 818 1113
4 attempt nospan at B=0.075, K=20
4 attempt nospan at B=0.03, K=20
4 attempt nospan at B=0.01, K=20
4 attempt nospan at B=0.005, K=20
4 attempt nospan at B=0.001, K=150
4 failed no span at B=0.001, K=150
5 attempt nospan at B=0.075, K=20
5 attempt nospan at B=0.03, K=20
5 attempt nospan at B=0.01, K=20
5 attempt nospan at B=0.005, K=20
5 parsed at B=0.001, K=150
5 coverage 80%
5 stats 3.09104 93 120
6 attempt nospan at B=0.075, K=20
6 attempt nospan at B=0.03, K=20
6 attempt nospan at B=0.01, K=20
6 attempt nospan at B=0.005, K=20
6 attempt nospan at B=0.001, K=150
6 failed no span at B=0.001, K=150
