# this file was generated by the following command(s):
#   /mnt/c/Projects/Repository/ccg2lambda_pipe/candc-1.00/bin/candc --models /mnt/c/Projects/Repository/ccg2lambda_pipe/candc-1.00/models --candc-printer xml --input datasets/corpus_fail/sem_fail.tok.txt --log datasets/corpus_fail/sem_fail.candc.log --output datasets/corpus_fail/sem_fail.candc.xml

1 attempt nospan at B=0.075, K=20
1 parsed at B=0.03, K=20
1 coverage 100%
1 stats 7.30452 1362 1859
2 parsed at B=0.075, K=20
2 coverage 100%
2 stats 7.5974 1020 1327
3 parsed at B=0.075, K=20
3 coverage 100%
3 stats 10.779 1139 1951
4 parsed at B=0.075, K=20
4 coverage 100%
4 stats 6.62936 439 599
5 parsed at B=0.075, K=20
5 coverage 100%
5 stats 6.94986 818 1113
6 parsed at B=0.075, K=20
6 coverage 100%
6 stats 9.72023 881 1181
7 parsed at B=0.075, K=20
7 coverage 100%
7 stats 5.95064 309 476
8 parsed at B=0.075, K=20
8 coverage 100%
8 stats 6.20456 513 621
9 parsed at B=0.075, K=20
9 coverage 100%
9 stats 6.2672 491 608
